INFO  started: Metals version 0.8.4 in workspace 'C:\GIT\magisterka'
INFO  time: initialize in 0.36s
WARN  no build tool detected in workspace 'C:\GIT\magisterka'. The most common cause for this problem is that the editor was opened in the wrong working directory, for example if you use sbt then the workspace directory should contain build.sbt. 
WARN  no build target for: C:\GIT\magisterka\gatling_playground\BasicSimulation.scala
INFO  no build target: using presentation compiler with only scala-library
WARN  no build tool detected in workspace 'C:\GIT\magisterka'. The most common cause for this problem is that the editor was opened in the wrong working directory, for example if you use sbt then the workspace directory should contain build.sbt. 
WARN  no build tool detected in workspace 'C:\GIT\magisterka'. The most common cause for this problem is that the editor was opened in the wrong working directory, for example if you use sbt then the workspace directory should contain build.sbt. 
WARN  no build target for: C:\GIT\magisterka\gatling_playground\BasicSimulation.scala
WARN  no build tool detected in workspace 'C:\GIT\magisterka'. The most common cause for this problem is that the editor was opened in the wrong working directory, for example if you use sbt then the workspace directory should contain build.sbt. 
WARN  no build target for: C:\GIT\magisterka\gatling_playground\BasicSimulation.scala
Exception in thread "pool-1-thread-2" java.lang.Error: java.lang.InterruptedException
	at java.util.concurrent.ThreadPoolExecutor.runWorker(ThreadPoolExecutor.java:1155)
	at java.util.concurrent.ThreadPoolExecutor$Worker.run(ThreadPoolExecutor.java:624)
	at java.lang.Thread.run(Thread.java:748)
Caused by: java.lang.InterruptedException
	at scala.meta.internal.metals.FutureCancelToken.checkCanceled(FutureCancelToken.scala:27)
	at scala.meta.internal.mtags.MtagsEnrichments$XtensionCancelChecker.isCancelled(MtagsEnrichments.scala:446)
	at scala.meta.internal.metals.FormattingProvider.$anonfun$isCancelled$1(FormattingProvider.scala:58)
	at scala.meta.internal.metals.FormattingProvider.$anonfun$isCancelled$1$adapted(FormattingProvider.scala:58)
	at scala.Option.exists(Option.scala:376)
	at scala.meta.internal.metals.FormattingProvider.isCancelled(FormattingProvider.scala:58)
	at scala.meta.internal.metals.FormattingProvider.$anonfun$handleMissingFile$1(FormattingProvider.scala:170)
	at scala.meta.internal.metals.FormattingProvider.$anonfun$handleMissingFile$1$adapted(FormattingProvider.scala:163)
	at scala.util.Success.$anonfun$map$1(Try.scala:255)
	at scala.util.Success.map(Try.scala:213)
	at scala.concurrent.Future.$anonfun$map$1(Future.scala:292)
	at scala.concurrent.impl.Promise.liftedTree1$1(Promise.scala:33)
	at scala.concurrent.impl.Promise.$anonfun$transform$1(Promise.scala:33)
	at scala.concurrent.impl.CallbackRunnable.run(Promise.scala:64)
	at java.util.concurrent.ThreadPoolExecutor.runWorker(ThreadPoolExecutor.java:1149)
	... 2 more
WARN  no build target for: C:\GIT\magisterka\gatling_playground\BasicSimulation.scala
WARN  no build target for: C:\GIT\magisterka\gatling_playground\BasicSimulation.scala
WARN  no build target for: C:\GIT\magisterka\gatling_playground\BasicSimulation.scala
WARN  no build target for: C:\GIT\magisterka\gatling_playground\BasicSimulation.scala
WARN  no build target for: C:\GIT\magisterka\gatling_playground\BasicSimulation.scala
kwi 27, 2020 10:19:23 AM org.eclipse.lsp4j.jsonrpc.services.GenericEndpoint notify
INFO: Unsupported notification method: $/setTraceNotification
WARN  no build target for: C:\GIT\magisterka\gatling_playground\BasicSimulation.scala
WARN  no build target for: C:\GIT\magisterka\gatling_playground\BasicSimulation.scala
WARN  no build tool detected in workspace 'C:\GIT\magisterka'. The most common cause for this problem is that the editor was opened in the wrong working directory, for example if you use sbt then the workspace directory should contain build.sbt. 
WARN  no build tool detected in workspace 'C:\GIT\magisterka'. The most common cause for this problem is that the editor was opened in the wrong working directory, for example if you use sbt then the workspace directory should contain build.sbt. 
WARN  no build target for: C:\GIT\magisterka\gatling_playground\BasicSimulation.scala
WARN  no build tool detected in workspace 'C:\GIT\magisterka'. The most common cause for this problem is that the editor was opened in the wrong working directory, for example if you use sbt then the workspace directory should contain build.sbt. 
WARN  no build target for: C:\GIT\magisterka\gatling_playground\conf\BasicSimulation.scala
WARN  no build target for: C:\GIT\magisterka\gatling_playground\user-files\simulations\BasicSimulation.scala
WARN  no build target for: C:\GIT\magisterka\gatling_playground\user-files\simulations\BasicSimulation.scala
WARN  no build target for: C:\GIT\magisterka\gatling_playground\user-files\simulations\BasicSimulation.scala
WARN  no build target for: C:\GIT\magisterka\gatling_playground\user-files\simulations\BasicSimulation.scala
WARN  no build target for: C:\GIT\magisterka\gatling_playground\user-files\simulations\BasicSimulation.scala
WARN  no build target for: C:\GIT\magisterka\gatling_playground\user-files\simulations\BasicSimulation.scala
WARN  no build target for: C:\GIT\magisterka\gatling_playground\user-files\simulations\BasicSimulation.scala
WARN  no build tool detected in workspace 'C:\GIT\magisterka'. The most common cause for this problem is that the editor was opened in the wrong working directory, for example if you use sbt then the workspace directory should contain build.sbt. 
WARN  no build target for: C:\GIT\magisterka\gatling_playground\user-files\simulations\BasicSimulation.scala
WARN  no build tool detected in workspace 'C:\GIT\magisterka'. The most common cause for this problem is that the editor was opened in the wrong working directory, for example if you use sbt then the workspace directory should contain build.sbt. 
WARN  no build tool detected in workspace 'C:\GIT\magisterka'. The most common cause for this problem is that the editor was opened in the wrong working directory, for example if you use sbt then the workspace directory should contain build.sbt. 
WARN  no build tool detected in workspace 'C:\GIT\magisterka'. The most common cause for this problem is that the editor was opened in the wrong working directory, for example if you use sbt then the workspace directory should contain build.sbt. 
WARN  no build tool detected in workspace 'C:\GIT\magisterka'. The most common cause for this problem is that the editor was opened in the wrong working directory, for example if you use sbt then the workspace directory should contain build.sbt. 
WARN  no build tool detected in workspace 'C:\GIT\magisterka'. The most common cause for this problem is that the editor was opened in the wrong working directory, for example if you use sbt then the workspace directory should contain build.sbt. 
WARN  no build tool detected in workspace 'C:\GIT\magisterka'. The most common cause for this problem is that the editor was opened in the wrong working directory, for example if you use sbt then the workspace directory should contain build.sbt. 
WARN  no build tool detected in workspace 'C:\GIT\magisterka'. The most common cause for this problem is that the editor was opened in the wrong working directory, for example if you use sbt then the workspace directory should contain build.sbt. 
WARN  no build target for: C:\GIT\magisterka\gatling_playground\user-files\simulations\BasicSimulation.scala
WARN  no build target for: C:\GIT\magisterka\gatling_playground\user-files\simulations\BasicSimulation.scala
WARN  no build tool detected in workspace 'C:\GIT\magisterka'. The most common cause for this problem is that the editor was opened in the wrong working directory, for example if you use sbt then the workspace directory should contain build.sbt. 
WARN  no build tool detected in workspace 'C:\GIT\magisterka'. The most common cause for this problem is that the editor was opened in the wrong working directory, for example if you use sbt then the workspace directory should contain build.sbt. 
WARN  no build tool detected in workspace 'C:\GIT\magisterka'. The most common cause for this problem is that the editor was opened in the wrong working directory, for example if you use sbt then the workspace directory should contain build.sbt. 
WARN  no build target for: C:\GIT\magisterka\gatling_playground\user-files\simulations\BasicSimulation.scala
WARN  no build tool detected in workspace 'C:\GIT\magisterka'. The most common cause for this problem is that the editor was opened in the wrong working directory, for example if you use sbt then the workspace directory should contain build.sbt. 
WARN  no build target for: C:\GIT\magisterka\gatling_playground\user-files\simulations\BasicSimulation.scala
WARN  no build target for: C:\GIT\magisterka\gatling_playground\user-files\simulations\BasicSimulation.scala
WARN  no build tool detected in workspace 'C:\GIT\magisterka'. The most common cause for this problem is that the editor was opened in the wrong working directory, for example if you use sbt then the workspace directory should contain build.sbt. 
WARN  no build tool detected in workspace 'C:\GIT\magisterka'. The most common cause for this problem is that the editor was opened in the wrong working directory, for example if you use sbt then the workspace directory should contain build.sbt. 
WARN  no build target for: C:\GIT\magisterka\gatling_playground\user-files\simulations\BasicSimulation.scala
WARN  no build target for: C:\GIT\magisterka\gatling_playground\user-files\simulations\BasicSimulation.scala
WARN  no build target for: C:\GIT\magisterka\gatling_playground\user-files\simulations\BasicSimulation.scala
WARN  no build target for: C:\GIT\magisterka\gatling_playground\user-files\simulations\BasicSimulation.scala
WARN  no build target for: C:\GIT\magisterka\gatling_playground\user-files\simulations\BasicSimulation.scala
WARN  no build tool detected in workspace 'C:\GIT\magisterka'. The most common cause for this problem is that the editor was opened in the wrong working directory, for example if you use sbt then the workspace directory should contain build.sbt. 
WARN  no build tool detected in workspace 'C:\GIT\magisterka'. The most common cause for this problem is that the editor was opened in the wrong working directory, for example if you use sbt then the workspace directory should contain build.sbt. 
WARN  no build tool detected in workspace 'C:\GIT\magisterka'. The most common cause for this problem is that the editor was opened in the wrong working directory, for example if you use sbt then the workspace directory should contain build.sbt. 
WARN  no build target for: C:\GIT\magisterka\gatling_playground\user-files\simulations\BasicSimulation.scala
WARN  no build target for: C:\GIT\magisterka\gatling_playground\user-files\simulations\BasicSimulation.scala
